<?xml version="1.0" encoding="UTF-8"?>
<!-- Generated by org.testng.reporters.JUnitReportReporter -->
<testsuite skipped="0" hostname="NGAN" name="getRequest.getData" tests="2" failures="0" timestamp="16 Jun 2020 12:38:06 GMT" time="5.061" errors="0">
  <testcase name="testRespond" time="0.816" classname="getRequest.getData"/>
  <testcase name="testBody" time="4.245" classname="getRequest.getData"/>
</testsuite> <!-- getRequest.getData -->
